date: "2015-01-11 21:53:06.763"
argv: "node C:\\Users\\aksof_000\\AppData\\Roaming\\npm\\node_modules\\hexo\\bin\\hexo clean"
os: Windows_NT 6.2.9200 win32 x64
versions:
  http_parser: "1.0"
  node: 0.10.35
  v8: 3.14.5.9
  ares: 1.9.0-DEV
  uv: 0.10.30
  zlib: 1.2.8
  modules: "11"
  openssl: 1.0.1j
  hexo: 2.8.3
---
[debug] 21:53:06.383 Config file loaded from E:\hexo\blog\_config.yml[debug] 21:53:06.383 Version info checked successfully[debug] 21:53:06.423 Loading database.[debug] 21:53:06.473 Processed: draft.md (0ms)[debug] 21:53:06.473 Processed: page.md (0ms)[debug] 21:53:06.483 Processed: post.md (10ms)[debug] 21:53:06.483 Processed: photo.md (10ms)[debug] 21:53:06.503 Plugin loaded successfully: hexo-renderer-ejs[debug] 21:53:06.523 Plugin loaded successfully: hexo-renderer-marked[debug] 21:53:06.743 Plugin loaded successfully: hexo-renderer-stylus[debug] 21:53:06.753 Script load successfully: fancybox.js[info] 21:53:06.753 Deleted cache file[error] 21:53:06.753 Error: ENOTEMPTY, rmdir 'E:\hexo\blog\public'
Error: ENOTEMPTY, rmdir 'E:\hexo\blog\public'
{"name":"hexo","hostname":"bogon","pid":12791,"level":20,"msg":"Hexo version: \u001b[35m3.1.1\u001b[39m","time":"2015-09-02T06:55:55.208Z","v":0}
{"name":"hexo","hostname":"bogon","pid":12791,"level":20,"msg":"Working directory: \u001b[35m~/Desktop/hexo/blog/\u001b[39m","time":"2015-09-02T06:55:55.211Z","v":0}
{"name":"hexo","hostname":"bogon","pid":12791,"level":20,"msg":"Config loaded: \u001b[35m~/Desktop/hexo/blog/_config.yml\u001b[39m","time":"2015-09-02T06:55:55.420Z","v":0}
{"name":"hexo","hostname":"bogon","pid":12791,"level":20,"msg":"Script loaded: \u001b[35mthemes/next/scripts/merge-configs.js\u001b[39m","time":"2015-09-02T06:55:55.546Z","v":0}
{"name":"hexo","hostname":"bogon","pid":12791,"level":20,"msg":"Script loaded: \u001b[35mthemes/next/scripts/tags/center-quote.js\u001b[39m","time":"2015-09-02T06:55:55.546Z","v":0}
{"name":"hexo","hostname":"bogon","pid":12791,"level":20,"msg":"Script loaded: \u001b[35mthemes/next/scripts/tags/full-image.js\u001b[39m","time":"2015-09-02T06:55:55.546Z","v":0}
{"name":"hexo","hostname":"bogon","pid":12791,"level":20,"msg":"Plugin loaded: \u001b[35mhexo-clean-css\u001b[39m","time":"2015-09-02T06:55:55.815Z","v":0}
{"name":"hexo","hostname":"bogon","pid":12791,"level":20,"msg":"Plugin loaded: \u001b[35mhexo-generator-index\u001b[39m","time":"2015-09-02T06:55:55.847Z","v":0}
{"name":"hexo","hostname":"bogon","pid":12791,"level":20,"msg":"Plugin loaded: \u001b[35mhexo-generator-tag\u001b[39m","time":"2015-09-02T06:55:55.881Z","v":0}
{"name":"hexo","hostname":"bogon","pid":12791,"level":20,"msg":"Plugin loaded: \u001b[35mhexo-generator-category\u001b[39m","time":"2015-09-02T06:55:55.926Z","v":0}
{"name":"hexo","hostname":"bogon","pid":12791,"level":20,"msg":"Plugin loaded: \u001b[35mhexo-generator-archive\u001b[39m","time":"2015-09-02T06:55:55.964Z","v":0}
{"name":"hexo","hostname":"bogon","pid":12791,"level":20,"msg":"Plugin loaded: \u001b[35mhexo-renderer-ejs\u001b[39m","time":"2015-09-02T06:55:56.012Z","v":0}
{"name":"hexo","hostname":"bogon","pid":12791,"level":20,"msg":"Plugin loaded: \u001b[35mhexo-deployer-git\u001b[39m","time":"2015-09-02T06:55:56.587Z","v":0}
{"name":"hexo","hostname":"bogon","pid":12791,"level":20,"msg":"Plugin loaded: \u001b[35mhexo-renderer-marked\u001b[39m","time":"2015-09-02T06:55:56.724Z","v":0}
{"name":"hexo","hostname":"bogon","pid":12791,"level":20,"msg":"Plugin loaded: \u001b[35mhexo-renderer-stylus\u001b[39m","time":"2015-09-02T06:55:57.053Z","v":0}
{"name":"hexo","hostname":"bogon","pid":12791,"level":20,"msg":"Plugin loaded: \u001b[35mhexo-server\u001b[39m","time":"2015-09-02T06:55:57.628Z","v":0}
{"name":"hexo","hostname":"bogon","pid":12791,"level":20,"msg":"Loading database.","time":"2015-09-02T06:55:57.644Z","v":0}
{"name":"hexo","hostname":"bogon","pid":12791,"level":20,"msg":"Added: \u001b[35msource/_posts/Rails-4-1-6-使用Devise-和Simple-Captcha-验证码.md\u001b[39m","time":"2015-09-02T06:55:57.699Z","v":0}
{"name":"hexo","hostname":"bogon","pid":12791,"level":20,"msg":"Added: \u001b[35msource/_posts/Ruby-on-Rails-缓存技术.md\u001b[39m","time":"2015-09-02T06:55:57.700Z","v":0}
{"name":"hexo","hostname":"bogon","pid":12791,"level":20,"msg":"Added: \u001b[35msource/_posts/Tracking-Devise-User-Logins-Sign-ups.md\u001b[39m","time":"2015-09-02T06:55:57.700Z","v":0}
{"name":"hexo","hostname":"bogon","pid":12791,"level":20,"msg":"Added: \u001b[35msource/_posts/kaminari简要文档.md\u001b[39m","time":"2015-09-02T06:55:57.701Z","v":0}
{"name":"hexo","hostname":"bogon","pid":12791,"level":20,"msg":"Added: \u001b[35msource/_posts/rails-第一天.md\u001b[39m","time":"2015-09-02T06:55:57.701Z","v":0}
{"name":"hexo","hostname":"bogon","pid":12791,"level":20,"msg":"Added: \u001b[35msource/_posts/rails-多语言支持.md\u001b[39m","time":"2015-09-02T06:55:57.702Z","v":0}
{"name":"hexo","hostname":"bogon","pid":12791,"level":20,"msg":"Added: \u001b[35msource/_posts/rails-第三天.md\u001b[39m","time":"2015-09-02T06:55:57.703Z","v":0}
{"name":"hexo","hostname":"bogon","pid":12791,"level":20,"msg":"Added: \u001b[35msource/_posts/rails-第二天.md\u001b[39m","time":"2015-09-02T06:55:57.703Z","v":0}
{"name":"hexo","hostname":"bogon","pid":12791,"level":20,"msg":"Added: \u001b[35msource/_posts/rails-第四天.md\u001b[39m","time":"2015-09-02T06:55:57.703Z","v":0}
{"name":"hexo","hostname":"bogon","pid":12791,"level":20,"msg":"Added: \u001b[35msource/_posts/rails开发CMS遇到的问题.md\u001b[39m","time":"2015-09-02T06:55:57.703Z","v":0}
{"name":"hexo","hostname":"bogon","pid":12791,"level":20,"msg":"Added: \u001b[35msource/_posts/thinkphp-ip-黑名单-白名单.md\u001b[39m","time":"2015-09-02T06:55:57.704Z","v":0}
{"name":"hexo","hostname":"bogon","pid":12791,"level":20,"msg":"Added: \u001b[35msource/_posts/thinkphp-后台动态设置路由.md\u001b[39m","time":"2015-09-02T06:55:57.704Z","v":0}
{"name":"hexo","hostname":"bogon","pid":12791,"level":20,"msg":"Added: \u001b[35msource/_posts/thinkphp-获取搜索引擎蜘蛛.md\u001b[39m","time":"2015-09-02T06:55:57.704Z","v":0}
{"name":"hexo","hostname":"bogon","pid":12791,"level":20,"msg":"Added: \u001b[35msource/_posts/thinkphp-路由分页搜索.md\u001b[39m","time":"2015-09-02T06:55:57.704Z","v":0}
{"name":"hexo","hostname":"bogon","pid":12791,"level":20,"msg":"Added: \u001b[35msource/_posts/使用chmod如何给文件夹递归授予权限.md\u001b[39m","time":"2015-09-02T06:55:57.705Z","v":0}
{"name":"hexo","hostname":"bogon","pid":12791,"level":20,"msg":"Added: \u001b[35msource/_posts/几个好用的css动画库.md\u001b[39m","time":"2015-09-02T06:55:57.705Z","v":0}
{"name":"hexo","hostname":"bogon","pid":12791,"level":20,"msg":"Added: \u001b[35msource/_posts/如何让顾客的体验从不完美到完美.md\u001b[39m","time":"2015-09-02T06:55:57.705Z","v":0}
{"name":"hexo","hostname":"bogon","pid":12791,"level":20,"msg":"Added: \u001b[35msource/_posts/如何设计你的2015年度计划.md\u001b[39m","time":"2015-09-02T06:55:57.707Z","v":0}
{"name":"hexo","hostname":"bogon","pid":12791,"level":20,"msg":"Added: \u001b[35msource/_posts/客户体验的三个层面.md\u001b[39m","time":"2015-09-02T06:55:57.707Z","v":0}
{"name":"hexo","hostname":"bogon","pid":12791,"level":20,"msg":"Added: \u001b[35msource/_posts/涨姿势！为什么有的颜色看起来非常高档？.md\u001b[39m","time":"2015-09-02T06:55:57.708Z","v":0}
{"name":"hexo","hostname":"bogon","pid":12791,"level":20,"msg":"Processed: \u001b[35m_posts/Rails-4-1-6-使用Devise-和Simple-Captcha-验证码.md\u001b[39m","time":"2015-09-02T06:55:57.718Z","v":0}
{"name":"hexo","hostname":"bogon","pid":12791,"level":20,"msg":"Added: \u001b[35mthemes/next/source/css/_common/_page/home.styl\u001b[39m","time":"2015-09-02T06:55:57.772Z","v":0}
{"name":"hexo","hostname":"bogon","pid":12791,"level":20,"msg":"Added: \u001b[35mthemes/next/source/css/_mixins/Mist.styl\u001b[39m","time":"2015-09-02T06:55:57.773Z","v":0}
{"name":"hexo","hostname":"bogon","pid":12791,"level":20,"msg":"Added: \u001b[35mthemes/next/source/css/_mixins/custom.styl\u001b[39m","time":"2015-09-02T06:55:57.773Z","v":0}
{"name":"hexo","hostname":"bogon","pid":12791,"level":20,"msg":"Added: \u001b[35mthemes/next/source/css/_mixins/default.styl\u001b[39m","time":"2015-09-02T06:55:57.773Z","v":0}
{"name":"hexo","hostname":"bogon","pid":12791,"level":20,"msg":"Added: \u001b[35mthemes/next/source/css/_variables/custom.styl\u001b[39m","time":"2015-09-02T06:55:57.774Z","v":0}
{"name":"hexo","hostname":"bogon","pid":12791,"level":20,"msg":"Added: \u001b[35mthemes/next/source/css/_variables/default.styl\u001b[39m","time":"2015-09-02T06:55:57.774Z","v":0}
{"name":"hexo","hostname":"bogon","pid":12791,"level":20,"msg":"Added: \u001b[35mthemes/next/README.en.md\u001b[39m","time":"2015-09-02T06:55:57.780Z","v":0}
{"name":"hexo","hostname":"bogon","pid":12791,"level":20,"msg":"Added: \u001b[35mthemes/next/README.md\u001b[39m","time":"2015-09-02T06:55:57.780Z","v":0}
{"name":"hexo","hostname":"bogon","pid":12791,"level":20,"msg":"Added: \u001b[35mthemes/next/_config.yml\u001b[39m","time":"2015-09-02T06:55:57.781Z","v":0}
{"name":"hexo","hostname":"bogon","pid":12791,"level":20,"msg":"Added: \u001b[35mthemes/next/bower.json\u001b[39m","time":"2015-09-02T06:55:57.781Z","v":0}
{"name":"hexo","hostname":"bogon","pid":12791,"level":20,"msg":"Added: \u001b[35mthemes/next/languages/de.yml\u001b[39m","time":"2015-09-02T06:55:57.781Z","v":0}
{"name":"hexo","hostname":"bogon","pid":12791,"level":20,"msg":"Added: \u001b[35mthemes/next/languages/default.yml\u001b[39m","time":"2015-09-02T06:55:57.782Z","v":0}
{"name":"hexo","hostname":"bogon","pid":12791,"level":20,"msg":"Added: \u001b[35mthemes/next/languages/en.yml\u001b[39m","time":"2015-09-02T06:55:57.782Z","v":0}
{"name":"hexo","hostname":"bogon","pid":12791,"level":20,"msg":"Added: \u001b[35mthemes/next/languages/fr-FR.yml\u001b[39m","time":"2015-09-02T06:55:57.783Z","v":0}
{"name":"hexo","hostname":"bogon","pid":12791,"level":20,"msg":"Added: \u001b[35mthemes/next/languages/ru.yml\u001b[39m","time":"2015-09-02T06:55:57.783Z","v":0}
{"name":"hexo","hostname":"bogon","pid":12791,"level":20,"msg":"Added: \u001b[35mthemes/next/languages/zh-Hans.yml\u001b[39m","time":"2015-09-02T06:55:57.783Z","v":0}
{"name":"hexo","hostname":"bogon","pid":12791,"level":20,"msg":"Added: \u001b[35mthemes/next/languages/zh-hk.yml\u001b[39m","time":"2015-09-02T06:55:57.783Z","v":0}
{"name":"hexo","hostname":"bogon","pid":12791,"level":20,"msg":"Added: \u001b[35mthemes/next/languages/zh-tw.yml\u001b[39m","time":"2015-09-02T06:55:57.784Z","v":0}
{"name":"hexo","hostname":"bogon","pid":12791,"level":20,"msg":"Added: \u001b[35mthemes/next/layout/_layout.swig\u001b[39m","time":"2015-09-02T06:55:57.784Z","v":0}
{"name":"hexo","hostname":"bogon","pid":12791,"level":20,"msg":"Added: \u001b[35mthemes/next/layout/_macro/post-collapse.swig\u001b[39m","time":"2015-09-02T06:55:57.784Z","v":0}
{"name":"hexo","hostname":"bogon","pid":12791,"level":20,"msg":"Added: \u001b[35mthemes/next/layout/_macro/post.swig\u001b[39m","time":"2015-09-02T06:55:57.784Z","v":0}
{"name":"hexo","hostname":"bogon","pid":12791,"level":20,"msg":"Added: \u001b[35mthemes/next/layout/_macro/sidebar.swig\u001b[39m","time":"2015-09-02T06:55:57.784Z","v":0}
{"name":"hexo","hostname":"bogon","pid":12791,"level":20,"msg":"Added: \u001b[35mthemes/next/layout/_partials/footer.swig\u001b[39m","time":"2015-09-02T06:55:57.785Z","v":0}
{"name":"hexo","hostname":"bogon","pid":12791,"level":20,"msg":"Added: \u001b[35mthemes/next/layout/_partials/head.swig\u001b[39m","time":"2015-09-02T06:55:57.785Z","v":0}
{"name":"hexo","hostname":"bogon","pid":12791,"level":20,"msg":"Added: \u001b[35mthemes/next/layout/_partials/header.swig\u001b[39m","time":"2015-09-02T06:55:57.785Z","v":0}
{"name":"hexo","hostname":"bogon","pid":12791,"level":20,"msg":"Added: \u001b[35mthemes/next/layout/_partials/old-browsers.swig\u001b[39m","time":"2015-09-02T06:55:57.785Z","v":0}
{"name":"hexo","hostname":"bogon","pid":12791,"level":20,"msg":"Added: \u001b[35mthemes/next/layout/_partials/pagination.swig\u001b[39m","time":"2015-09-02T06:55:57.785Z","v":0}
{"name":"hexo","hostname":"bogon","pid":12791,"level":20,"msg":"Added: \u001b[35mthemes/next/layout/_partials/search/swiftype.swig\u001b[39m","time":"2015-09-02T06:55:57.786Z","v":0}
{"name":"hexo","hostname":"bogon","pid":12791,"level":20,"msg":"Added: \u001b[35mthemes/next/layout/_partials/search/tinysou.swig\u001b[39m","time":"2015-09-02T06:55:57.786Z","v":0}
{"name":"hexo","hostname":"bogon","pid":12791,"level":20,"msg":"Added: \u001b[35mthemes/next/layout/_partials/search.swig\u001b[39m","time":"2015-09-02T06:55:57.786Z","v":0}
{"name":"hexo","hostname":"bogon","pid":12791,"level":20,"msg":"Added: \u001b[35mthemes/next/layout/_partials/share/duoshuo_share.swig\u001b[39m","time":"2015-09-02T06:55:57.786Z","v":0}
{"name":"hexo","hostname":"bogon","pid":12791,"level":20,"msg":"Added: \u001b[35mthemes/next/layout/_partials/share/jiathis.swig\u001b[39m","time":"2015-09-02T06:55:57.786Z","v":0}
{"name":"hexo","hostname":"bogon","pid":12791,"level":20,"msg":"Added: \u001b[35mthemes/next/layout/_scripts/analytics/baidu-analytics.swig\u001b[39m","time":"2015-09-02T06:55:57.787Z","v":0}
{"name":"hexo","hostname":"bogon","pid":12791,"level":20,"msg":"Added: \u001b[35mthemes/next/layout/_scripts/analytics/google-analytics.swig\u001b[39m","time":"2015-09-02T06:55:57.787Z","v":0}
{"name":"hexo","hostname":"bogon","pid":12791,"level":20,"msg":"Added: \u001b[35mthemes/next/layout/_scripts/analytics.swig\u001b[39m","time":"2015-09-02T06:55:57.787Z","v":0}
{"name":"hexo","hostname":"bogon","pid":12791,"level":20,"msg":"Added: \u001b[35mthemes/next/layout/_scripts/baidushare.swig\u001b[39m","time":"2015-09-02T06:55:57.787Z","v":0}
{"name":"hexo","hostname":"bogon","pid":12791,"level":20,"msg":"Added: \u001b[35mthemes/next/layout/_scripts/bootstrap.scrollspy.swig\u001b[39m","time":"2015-09-02T06:55:57.787Z","v":0}
{"name":"hexo","hostname":"bogon","pid":12791,"level":20,"msg":"Added: \u001b[35mthemes/next/layout/_scripts/comments/disqus.swig\u001b[39m","time":"2015-09-02T06:55:57.788Z","v":0}
{"name":"hexo","hostname":"bogon","pid":12791,"level":20,"msg":"Added: \u001b[35mthemes/next/layout/_scripts/comments/duoshuo.swig\u001b[39m","time":"2015-09-02T06:55:57.788Z","v":0}
{"name":"hexo","hostname":"bogon","pid":12791,"level":20,"msg":"Added: \u001b[35mthemes/next/layout/_scripts/fancy-box.swig\u001b[39m","time":"2015-09-02T06:55:57.789Z","v":0}
{"name":"hexo","hostname":"bogon","pid":12791,"level":20,"msg":"Added: \u001b[35mthemes/next/layout/_scripts/mathjax.swig\u001b[39m","time":"2015-09-02T06:55:57.789Z","v":0}
{"name":"hexo","hostname":"bogon","pid":12791,"level":20,"msg":"Added: \u001b[35mthemes/next/layout/_scripts/helpers.swig\u001b[39m","time":"2015-09-02T06:55:57.789Z","v":0}
{"name":"hexo","hostname":"bogon","pid":12791,"level":20,"msg":"Added: \u001b[35mthemes/next/layout/_scripts/motion.swig\u001b[39m","time":"2015-09-02T06:55:57.790Z","v":0}
{"name":"hexo","hostname":"bogon","pid":12791,"level":20,"msg":"Added: \u001b[35mthemes/next/layout/_scripts/pages/post-details.swig\u001b[39m","time":"2015-09-02T06:55:57.790Z","v":0}
{"name":"hexo","hostname":"bogon","pid":12791,"level":20,"msg":"Added: \u001b[35mthemes/next/layout/archive.swig\u001b[39m","time":"2015-09-02T06:55:57.790Z","v":0}
{"name":"hexo","hostname":"bogon","pid":12791,"level":20,"msg":"Added: \u001b[35mthemes/next/layout/category.swig\u001b[39m","time":"2015-09-02T06:55:57.792Z","v":0}
{"name":"hexo","hostname":"bogon","pid":12791,"level":20,"msg":"Added: \u001b[35mthemes/next/layout/index.swig\u001b[39m","time":"2015-09-02T06:55:57.792Z","v":0}
{"name":"hexo","hostname":"bogon","pid":12791,"level":20,"msg":"Added: \u001b[35mthemes/next/layout/page.swig\u001b[39m","time":"2015-09-02T06:55:57.792Z","v":0}
{"name":"hexo","hostname":"bogon","pid":12791,"level":20,"msg":"Added: \u001b[35mthemes/next/layout/post.swig\u001b[39m","time":"2015-09-02T06:55:57.792Z","v":0}
{"name":"hexo","hostname":"bogon","pid":12791,"level":20,"msg":"Added: \u001b[35mthemes/next/layout/tag.swig\u001b[39m","time":"2015-09-02T06:55:57.793Z","v":0}
{"name":"hexo","hostname":"bogon","pid":12791,"level":20,"msg":"Added: \u001b[35mthemes/next/scripts/merge-configs.js\u001b[39m","time":"2015-09-02T06:55:57.793Z","v":0}
{"name":"hexo","hostname":"bogon","pid":12791,"level":20,"msg":"Added: \u001b[35mthemes/next/scripts/tags/center-quote.js\u001b[39m","time":"2015-09-02T06:55:57.793Z","v":0}
{"name":"hexo","hostname":"bogon","pid":12791,"level":20,"msg":"Added: \u001b[35mthemes/next/scripts/tags/full-image.js\u001b[39m","time":"2015-09-02T06:55:57.793Z","v":0}
{"name":"hexo","hostname":"bogon","pid":12791,"level":20,"msg":"Added: \u001b[35mthemes/next/source/css/_common/_component/back-to-top.styl\u001b[39m","time":"2015-09-02T06:55:57.793Z","v":0}
{"name":"hexo","hostname":"bogon","pid":12791,"level":20,"msg":"Added: \u001b[35mthemes/next/source/css/_common/_component/buttons.styl\u001b[39m","time":"2015-09-02T06:55:57.794Z","v":0}
{"name":"hexo","hostname":"bogon","pid":12791,"level":20,"msg":"Added: \u001b[35mthemes/next/source/css/_common/_component/comments.styl\u001b[39m","time":"2015-09-02T06:55:57.794Z","v":0}
{"name":"hexo","hostname":"bogon","pid":12791,"level":20,"msg":"Added: \u001b[35mthemes/next/source/css/_common/_component/duoshuo.styl\u001b[39m","time":"2015-09-02T06:55:57.794Z","v":0}
{"name":"hexo","hostname":"bogon","pid":12791,"level":20,"msg":"Added: \u001b[35mthemes/next/source/css/_common/_component/gallery.styl\u001b[39m","time":"2015-09-02T06:55:57.794Z","v":0}
{"name":"hexo","hostname":"bogon","pid":12791,"level":20,"msg":"Added: \u001b[35mthemes/next/source/css/_common/_component/jiathis.styl\u001b[39m","time":"2015-09-02T06:55:57.794Z","v":0}
{"name":"hexo","hostname":"bogon","pid":12791,"level":20,"msg":"Added: \u001b[35mthemes/next/source/css/_common/_component/pagination.styl\u001b[39m","time":"2015-09-02T06:55:57.795Z","v":0}
{"name":"hexo","hostname":"bogon","pid":12791,"level":20,"msg":"Added: \u001b[35mthemes/next/source/css/_common/_component/posts-collapse.styl\u001b[39m","time":"2015-09-02T06:55:57.795Z","v":0}
{"name":"hexo","hostname":"bogon","pid":12791,"level":20,"msg":"Added: \u001b[35mthemes/next/source/css/_common/_component/posts-expand.styl\u001b[39m","time":"2015-09-02T06:55:57.795Z","v":0}
{"name":"hexo","hostname":"bogon","pid":12791,"level":20,"msg":"Added: \u001b[35mthemes/next/source/css/_common/_component/posts-type.styl\u001b[39m","time":"2015-09-02T06:55:57.796Z","v":0}
{"name":"hexo","hostname":"bogon","pid":12791,"level":20,"msg":"Added: \u001b[35mthemes/next/source/css/_common/_component/tag-cloud.styl\u001b[39m","time":"2015-09-02T06:55:57.796Z","v":0}
{"name":"hexo","hostname":"bogon","pid":12791,"level":20,"msg":"Added: \u001b[35mthemes/next/source/css/_common/_core/base.styl\u001b[39m","time":"2015-09-02T06:55:57.796Z","v":0}
{"name":"hexo","hostname":"bogon","pid":12791,"level":20,"msg":"Added: \u001b[35mthemes/next/source/css/_common/_core/helpers.styl\u001b[39m","time":"2015-09-02T06:55:57.796Z","v":0}
{"name":"hexo","hostname":"bogon","pid":12791,"level":20,"msg":"Added: \u001b[35mthemes/next/source/css/_common/_core/normalize.styl\u001b[39m","time":"2015-09-02T06:55:57.797Z","v":0}
{"name":"hexo","hostname":"bogon","pid":12791,"level":20,"msg":"Added: \u001b[35mthemes/next/source/css/_common/_core/scaffolding.styl\u001b[39m","time":"2015-09-02T06:55:57.797Z","v":0}
{"name":"hexo","hostname":"bogon","pid":12791,"level":20,"msg":"Added: \u001b[35mthemes/next/source/css/_common/_core/tables.styl\u001b[39m","time":"2015-09-02T06:55:57.797Z","v":0}
{"name":"hexo","hostname":"bogon","pid":12791,"level":20,"msg":"Added: \u001b[35mthemes/next/source/css/_common/_fonts/icon-default.styl\u001b[39m","time":"2015-09-02T06:55:57.797Z","v":0}
{"name":"hexo","hostname":"bogon","pid":12791,"level":20,"msg":"Added: \u001b[35mthemes/next/source/css/_common/_fonts/icon-feather.styl\u001b[39m","time":"2015-09-02T06:55:57.797Z","v":0}
{"name":"hexo","hostname":"bogon","pid":12791,"level":20,"msg":"Added: \u001b[35mthemes/next/source/css/_common/_fonts/icon-fifty-shades.styl\u001b[39m","time":"2015-09-02T06:55:57.798Z","v":0}
{"name":"hexo","hostname":"bogon","pid":12791,"level":20,"msg":"Added: \u001b[35mthemes/next/source/css/_common/_fonts/icon-font.styl\u001b[39m","time":"2015-09-02T06:55:57.798Z","v":0}
{"name":"hexo","hostname":"bogon","pid":12791,"level":20,"msg":"Added: \u001b[35mthemes/next/source/css/_common/_fonts/icon-linecons.styl\u001b[39m","time":"2015-09-02T06:55:57.798Z","v":0}
{"name":"hexo","hostname":"bogon","pid":12791,"level":20,"msg":"Added: \u001b[35mthemes/next/source/css/_common/_page/archive.styl\u001b[39m","time":"2015-09-02T06:55:57.799Z","v":0}
{"name":"hexo","hostname":"bogon","pid":12791,"level":20,"msg":"Added: \u001b[35mthemes/next/source/css/_common/_page/categories.styl\u001b[39m","time":"2015-09-02T06:55:57.799Z","v":0}
{"name":"hexo","hostname":"bogon","pid":12791,"level":20,"msg":"Added: \u001b[35mthemes/next/source/css/_common/_page/post-detail.styl\u001b[39m","time":"2015-09-02T06:55:57.799Z","v":0}
{"name":"hexo","hostname":"bogon","pid":12791,"level":20,"msg":"Added: \u001b[35mthemes/next/source/css/_common/_section/body.styl\u001b[39m","time":"2015-09-02T06:55:57.799Z","v":0}
{"name":"hexo","hostname":"bogon","pid":12791,"level":20,"msg":"Added: \u001b[35mthemes/next/source/css/_common/_section/footer.styl\u001b[39m","time":"2015-09-02T06:55:57.799Z","v":0}
{"name":"hexo","hostname":"bogon","pid":12791,"level":20,"msg":"Added: \u001b[35mthemes/next/source/css/_common/_section/header.styl\u001b[39m","time":"2015-09-02T06:55:57.800Z","v":0}
{"name":"hexo","hostname":"bogon","pid":12791,"level":20,"msg":"Added: \u001b[35mthemes/next/source/css/_common/_section/layout.styl\u001b[39m","time":"2015-09-02T06:55:57.800Z","v":0}
{"name":"hexo","hostname":"bogon","pid":12791,"level":20,"msg":"Added: \u001b[35mthemes/next/source/css/_common/_section/media.styl\u001b[39m","time":"2015-09-02T06:55:57.800Z","v":0}
{"name":"hexo","hostname":"bogon","pid":12791,"level":20,"msg":"Added: \u001b[35mthemes/next/source/css/_common/_section/sidebar.styl\u001b[39m","time":"2015-09-02T06:55:57.800Z","v":0}
{"name":"hexo","hostname":"bogon","pid":12791,"level":20,"msg":"Added: \u001b[35mthemes/next/source/css/_common/_vendor/highlight/highlight.styl\u001b[39m","time":"2015-09-02T06:55:57.800Z","v":0}
{"name":"hexo","hostname":"bogon","pid":12791,"level":20,"msg":"Added: \u001b[35mthemes/next/source/css/_common/_vendor/highlight/theme.styl\u001b[39m","time":"2015-09-02T06:55:57.800Z","v":0}
{"name":"hexo","hostname":"bogon","pid":12791,"level":20,"msg":"Added: \u001b[35mthemes/next/source/css/_custom/custom.styl\u001b[39m","time":"2015-09-02T06:55:57.801Z","v":0}
{"name":"hexo","hostname":"bogon","pid":12791,"level":20,"msg":"Added: \u001b[35mthemes/next/source/css/_mixins/base.styl\u001b[39m","time":"2015-09-02T06:55:57.802Z","v":0}
{"name":"hexo","hostname":"bogon","pid":12791,"level":20,"msg":"Added: \u001b[35mthemes/next/source/css/_schemes/Mist/index.styl\u001b[39m","time":"2015-09-02T06:55:57.802Z","v":0}
{"name":"hexo","hostname":"bogon","pid":12791,"level":20,"msg":"Added: \u001b[35mthemes/next/source/css/_schemes/default/_menu.styl\u001b[39m","time":"2015-09-02T06:55:57.803Z","v":0}
{"name":"hexo","hostname":"bogon","pid":12791,"level":20,"msg":"Added: \u001b[35mthemes/next/source/css/_schemes/default/_search.styl\u001b[39m","time":"2015-09-02T06:55:57.804Z","v":0}
{"name":"hexo","hostname":"bogon","pid":12791,"level":20,"msg":"Added: \u001b[35mthemes/next/source/css/_schemes/default/index.styl\u001b[39m","time":"2015-09-02T06:55:57.805Z","v":0}
{"name":"hexo","hostname":"bogon","pid":12791,"level":20,"msg":"Added: \u001b[35mthemes/next/source/css/_variables/Mist.styl\u001b[39m","time":"2015-09-02T06:55:57.806Z","v":0}
{"name":"hexo","hostname":"bogon","pid":12791,"level":20,"msg":"Added: \u001b[35mthemes/next/source/css/_variables/base.styl\u001b[39m","time":"2015-09-02T06:55:57.806Z","v":0}
{"name":"hexo","hostname":"bogon","pid":12791,"level":20,"msg":"Added: \u001b[35mthemes/next/source/css/main.styl\u001b[39m","time":"2015-09-02T06:55:57.806Z","v":0}
{"name":"hexo","hostname":"bogon","pid":12791,"level":20,"msg":"Added: \u001b[35mthemes/next/source/fonts/icon-default/icomoon.eot\u001b[39m","time":"2015-09-02T06:55:57.808Z","v":0}
{"name":"hexo","hostname":"bogon","pid":12791,"level":20,"msg":"Added: \u001b[35mthemes/next/source/fonts/icon-default/icomoon.svg\u001b[39m","time":"2015-09-02T06:55:57.808Z","v":0}
{"name":"hexo","hostname":"bogon","pid":12791,"level":20,"msg":"Added: \u001b[35mthemes/next/source/fonts/icon-default/icomoon.ttf\u001b[39m","time":"2015-09-02T06:55:57.809Z","v":0}
{"name":"hexo","hostname":"bogon","pid":12791,"level":20,"msg":"Added: \u001b[35mthemes/next/source/fonts/icon-default/icomoon.woff\u001b[39m","time":"2015-09-02T06:55:57.809Z","v":0}
{"name":"hexo","hostname":"bogon","pid":12791,"level":20,"msg":"Added: \u001b[35mthemes/next/source/fonts/icon-default/selection.json\u001b[39m","time":"2015-09-02T06:55:57.809Z","v":0}
{"name":"hexo","hostname":"bogon","pid":12791,"level":20,"msg":"Added: \u001b[35mthemes/next/source/fonts/icon-feather/icomoon.eot\u001b[39m","time":"2015-09-02T06:55:57.810Z","v":0}
{"name":"hexo","hostname":"bogon","pid":12791,"level":20,"msg":"Added: \u001b[35mthemes/next/source/fonts/icon-feather/icomoon.svg\u001b[39m","time":"2015-09-02T06:55:57.810Z","v":0}
{"name":"hexo","hostname":"bogon","pid":12791,"level":20,"msg":"Added: \u001b[35mthemes/next/source/fonts/icon-feather/icomoon.ttf\u001b[39m","time":"2015-09-02T06:55:57.810Z","v":0}
{"name":"hexo","hostname":"bogon","pid":12791,"level":20,"msg":"Added: \u001b[35mthemes/next/source/fonts/icon-feather/icomoon.woff\u001b[39m","time":"2015-09-02T06:55:57.811Z","v":0}
{"name":"hexo","hostname":"bogon","pid":12791,"level":20,"msg":"Added: \u001b[35mthemes/next/source/fonts/icon-feather/selection.json\u001b[39m","time":"2015-09-02T06:55:57.817Z","v":0}
{"name":"hexo","hostname":"bogon","pid":12791,"level":20,"msg":"Added: \u001b[35mthemes/next/source/fonts/icon-fifty-shades/icomoon.eot\u001b[39m","time":"2015-09-02T06:55:57.818Z","v":0}
{"name":"hexo","hostname":"bogon","pid":12791,"level":20,"msg":"Added: \u001b[35mthemes/next/source/fonts/icon-fifty-shades/icomoon.svg\u001b[39m","time":"2015-09-02T06:55:57.818Z","v":0}
{"name":"hexo","hostname":"bogon","pid":12791,"level":20,"msg":"Added: \u001b[35mthemes/next/source/fonts/icon-fifty-shades/icomoon.ttf\u001b[39m","time":"2015-09-02T06:55:57.819Z","v":0}
{"name":"hexo","hostname":"bogon","pid":12791,"level":20,"msg":"Added: \u001b[35mthemes/next/source/fonts/icon-fifty-shades/icomoon.woff\u001b[39m","time":"2015-09-02T06:55:57.819Z","v":0}
{"name":"hexo","hostname":"bogon","pid":12791,"level":20,"msg":"Added: \u001b[35mthemes/next/source/fonts/icon-fifty-shades/selection.json\u001b[39m","time":"2015-09-02T06:55:57.819Z","v":0}
{"name":"hexo","hostname":"bogon","pid":12791,"level":20,"msg":"Added: \u001b[35mthemes/next/source/fonts/icon-icomoon/icomoon.eot\u001b[39m","time":"2015-09-02T06:55:57.819Z","v":0}
{"name":"hexo","hostname":"bogon","pid":12791,"level":20,"msg":"Added: \u001b[35mthemes/next/source/fonts/icon-icomoon/icomoon.svg\u001b[39m","time":"2015-09-02T06:55:57.820Z","v":0}
{"name":"hexo","hostname":"bogon","pid":12791,"level":20,"msg":"Added: \u001b[35mthemes/next/source/fonts/icon-icomoon/icomoon.ttf\u001b[39m","time":"2015-09-02T06:55:57.821Z","v":0}
{"name":"hexo","hostname":"bogon","pid":12791,"level":20,"msg":"Added: \u001b[35mthemes/next/source/fonts/icon-icomoon/icomoon.woff\u001b[39m","time":"2015-09-02T06:55:57.822Z","v":0}
{"name":"hexo","hostname":"bogon","pid":12791,"level":20,"msg":"Added: \u001b[35mthemes/next/source/fonts/icon-linecons/icomoon.eot\u001b[39m","time":"2015-09-02T06:55:57.822Z","v":0}
{"name":"hexo","hostname":"bogon","pid":12791,"level":20,"msg":"Added: \u001b[35mthemes/next/source/fonts/icon-linecons/icomoon.svg\u001b[39m","time":"2015-09-02T06:55:57.822Z","v":0}
{"name":"hexo","hostname":"bogon","pid":12791,"level":20,"msg":"Added: \u001b[35mthemes/next/source/fonts/icon-linecons/icomoon.ttf\u001b[39m","time":"2015-09-02T06:55:57.822Z","v":0}
{"name":"hexo","hostname":"bogon","pid":12791,"level":20,"msg":"Added: \u001b[35mthemes/next/source/fonts/icon-linecons/icomoon.woff\u001b[39m","time":"2015-09-02T06:55:57.822Z","v":0}
{"name":"hexo","hostname":"bogon","pid":12791,"level":20,"msg":"Added: \u001b[35mthemes/next/source/fonts/icon-linecons/selection.json\u001b[39m","time":"2015-09-02T06:55:57.823Z","v":0}
{"name":"hexo","hostname":"bogon","pid":12791,"level":20,"msg":"Added: \u001b[35mthemes/next/source/images/bkdefault_avatar.jpg\u001b[39m","time":"2015-09-02T06:55:57.823Z","v":0}
{"name":"hexo","hostname":"bogon","pid":12791,"level":20,"msg":"Added: \u001b[35mthemes/next/source/images/cc-by-nc-nd.svg\u001b[39m","time":"2015-09-02T06:55:57.823Z","v":0}
{"name":"hexo","hostname":"bogon","pid":12791,"level":20,"msg":"Added: \u001b[35mthemes/next/source/images/cc-by-nc-sa.svg\u001b[39m","time":"2015-09-02T06:55:57.823Z","v":0}
{"name":"hexo","hostname":"bogon","pid":12791,"level":20,"msg":"Added: \u001b[35mthemes/next/source/images/cc-by-nc.svg\u001b[39m","time":"2015-09-02T06:55:57.823Z","v":0}
{"name":"hexo","hostname":"bogon","pid":12791,"level":20,"msg":"Added: \u001b[35mthemes/next/source/images/cc-by-nd.svg\u001b[39m","time":"2015-09-02T06:55:57.823Z","v":0}
{"name":"hexo","hostname":"bogon","pid":12791,"level":20,"msg":"Added: \u001b[35mthemes/next/source/images/cc-by-sa.svg\u001b[39m","time":"2015-09-02T06:55:57.823Z","v":0}
{"name":"hexo","hostname":"bogon","pid":12791,"level":20,"msg":"Added: \u001b[35mthemes/next/source/images/cc-by.svg\u001b[39m","time":"2015-09-02T06:55:57.824Z","v":0}
{"name":"hexo","hostname":"bogon","pid":12791,"level":20,"msg":"Added: \u001b[35mthemes/next/source/images/cc-zero.svg\u001b[39m","time":"2015-09-02T06:55:57.824Z","v":0}
{"name":"hexo","hostname":"bogon","pid":12791,"level":20,"msg":"Added: \u001b[35mthemes/next/source/images/loading.gif\u001b[39m","time":"2015-09-02T06:55:57.824Z","v":0}
{"name":"hexo","hostname":"bogon","pid":12791,"level":20,"msg":"Added: \u001b[35mthemes/next/source/images/placeholder.gif\u001b[39m","time":"2015-09-02T06:55:57.824Z","v":0}
{"name":"hexo","hostname":"bogon","pid":12791,"level":20,"msg":"Added: \u001b[35mthemes/next/source/images/searchicon.png\u001b[39m","time":"2015-09-02T06:55:57.824Z","v":0}
{"name":"hexo","hostname":"bogon","pid":12791,"level":20,"msg":"Added: \u001b[35mthemes/next/source/js/bootstrap.scrollspy.js\u001b[39m","time":"2015-09-02T06:55:57.824Z","v":0}
{"name":"hexo","hostname":"bogon","pid":12791,"level":20,"msg":"Added: \u001b[35mthemes/next/source/js/fancy-box.js\u001b[39m","time":"2015-09-02T06:55:57.825Z","v":0}
{"name":"hexo","hostname":"bogon","pid":12791,"level":20,"msg":"Added: \u001b[35mthemes/next/source/js/helpers.js\u001b[39m","time":"2015-09-02T06:55:57.825Z","v":0}
{"name":"hexo","hostname":"bogon","pid":12791,"level":20,"msg":"Added: \u001b[35mthemes/next/source/js/hook-duoshuo.js\u001b[39m","time":"2015-09-02T06:55:57.825Z","v":0}
{"name":"hexo","hostname":"bogon","pid":12791,"level":20,"msg":"Added: \u001b[35mthemes/next/source/js/lazyload.js\u001b[39m","time":"2015-09-02T06:55:57.825Z","v":0}
{"name":"hexo","hostname":"bogon","pid":12791,"level":20,"msg":"Added: \u001b[35mthemes/next/source/js/motion_fallback.js\u001b[39m","time":"2015-09-02T06:55:57.825Z","v":0}
{"name":"hexo","hostname":"bogon","pid":12791,"level":20,"msg":"Added: \u001b[35mthemes/next/source/js/motion_global.js\u001b[39m","time":"2015-09-02T06:55:57.825Z","v":0}
{"name":"hexo","hostname":"bogon","pid":12791,"level":20,"msg":"Added: \u001b[35mthemes/next/source/js/nav-toggle.js\u001b[39m","time":"2015-09-02T06:55:57.825Z","v":0}
{"name":"hexo","hostname":"bogon","pid":12791,"level":20,"msg":"Added: \u001b[35mthemes/next/source/js/ua-parser.min.js\u001b[39m","time":"2015-09-02T06:55:57.826Z","v":0}
{"name":"hexo","hostname":"bogon","pid":12791,"level":20,"msg":"Added: \u001b[35mthemes/next/source/vendors/fancybox/source/blank.gif\u001b[39m","time":"2015-09-02T06:55:57.826Z","v":0}
{"name":"hexo","hostname":"bogon","pid":12791,"level":20,"msg":"Added: \u001b[35mthemes/next/source/vendors/fancybox/source/fancybox_loading.gif\u001b[39m","time":"2015-09-02T06:55:57.826Z","v":0}
{"name":"hexo","hostname":"bogon","pid":12791,"level":20,"msg":"Added: \u001b[35mthemes/next/source/vendors/fancybox/source/fancybox_sprite.png\u001b[39m","time":"2015-09-02T06:55:57.826Z","v":0}
{"name":"hexo","hostname":"bogon","pid":12791,"level":20,"msg":"Added: \u001b[35mthemes/next/source/vendors/fancybox/source/fancybox_loading@2x.gif\u001b[39m","time":"2015-09-02T06:55:57.826Z","v":0}
{"name":"hexo","hostname":"bogon","pid":12791,"level":20,"msg":"Added: \u001b[35mthemes/next/source/vendors/fancybox/source/fancybox_overlay.png\u001b[39m","time":"2015-09-02T06:55:57.826Z","v":0}
{"name":"hexo","hostname":"bogon","pid":12791,"level":20,"msg":"Added: \u001b[35mthemes/next/source/vendors/fancybox/source/fancybox_sprite@2x.png\u001b[39m","time":"2015-09-02T06:55:57.826Z","v":0}
{"name":"hexo","hostname":"bogon","pid":12791,"level":20,"msg":"Added: \u001b[35mthemes/next/source/vendors/fancybox/source/helpers/fancybox_buttons.png\u001b[39m","time":"2015-09-02T06:55:57.826Z","v":0}
{"name":"hexo","hostname":"bogon","pid":12791,"level":20,"msg":"Added: \u001b[35mthemes/next/source/vendors/fancybox/source/helpers/jquery.fancybox-buttons.css\u001b[39m","time":"2015-09-02T06:55:57.827Z","v":0}
{"name":"hexo","hostname":"bogon","pid":12791,"level":20,"msg":"Added: \u001b[35mthemes/next/source/vendors/fancybox/source/helpers/jquery.fancybox-buttons.js\u001b[39m","time":"2015-09-02T06:55:57.827Z","v":0}
{"name":"hexo","hostname":"bogon","pid":12791,"level":20,"msg":"Added: \u001b[35mthemes/next/source/vendors/fancybox/source/helpers/jquery.fancybox-media.js\u001b[39m","time":"2015-09-02T06:55:57.827Z","v":0}
{"name":"hexo","hostname":"bogon","pid":12791,"level":20,"msg":"Added: \u001b[35mthemes/next/source/vendors/fancybox/source/helpers/jquery.fancybox-thumbs.css\u001b[39m","time":"2015-09-02T06:55:57.827Z","v":0}
{"name":"hexo","hostname":"bogon","pid":12791,"level":20,"msg":"Added: \u001b[35mthemes/next/source/vendors/fancybox/source/helpers/jquery.fancybox-thumbs.js\u001b[39m","time":"2015-09-02T06:55:57.827Z","v":0}
{"name":"hexo","hostname":"bogon","pid":12791,"level":20,"msg":"Added: \u001b[35mthemes/next/source/vendors/fancybox/source/jquery.fancybox.css\u001b[39m","time":"2015-09-02T06:55:57.827Z","v":0}
{"name":"hexo","hostname":"bogon","pid":12791,"level":20,"msg":"Added: \u001b[35mthemes/next/source/vendors/fancybox/source/jquery.fancybox.js\u001b[39m","time":"2015-09-02T06:55:57.828Z","v":0}
{"name":"hexo","hostname":"bogon","pid":12791,"level":20,"msg":"Added: \u001b[35mthemes/next/source/vendors/fancybox/source/jquery.fancybox.pack.js\u001b[39m","time":"2015-09-02T06:55:57.828Z","v":0}
{"name":"hexo","hostname":"bogon","pid":12791,"level":20,"msg":"Added: \u001b[35mthemes/next/source/vendors/fastclick/LICENSE\u001b[39m","time":"2015-09-02T06:55:57.828Z","v":0}
{"name":"hexo","hostname":"bogon","pid":12791,"level":20,"msg":"Added: \u001b[35mthemes/next/source/vendors/fastclick/README.md\u001b[39m","time":"2015-09-02T06:55:57.828Z","v":0}
{"name":"hexo","hostname":"bogon","pid":12791,"level":20,"msg":"Added: \u001b[35mthemes/next/source/vendors/fastclick/bower.json\u001b[39m","time":"2015-09-02T06:55:57.828Z","v":0}
{"name":"hexo","hostname":"bogon","pid":12791,"level":20,"msg":"Added: \u001b[35mthemes/next/source/vendors/fastclick/lib/fastclick.js\u001b[39m","time":"2015-09-02T06:55:57.828Z","v":0}
{"name":"hexo","hostname":"bogon","pid":12791,"level":20,"msg":"Added: \u001b[35mthemes/next/source/vendors/fastclick/lib/fastclick.min.js\u001b[39m","time":"2015-09-02T06:55:57.828Z","v":0}
{"name":"hexo","hostname":"bogon","pid":12791,"level":20,"msg":"Added: \u001b[35mthemes/next/source/vendors/velocity/bower.json\u001b[39m","time":"2015-09-02T06:55:57.829Z","v":0}
{"name":"hexo","hostname":"bogon","pid":12791,"level":20,"msg":"Added: \u001b[35mthemes/next/source/vendors/velocity/velocity.ui.js\u001b[39m","time":"2015-09-02T06:55:57.829Z","v":0}
{"name":"hexo","hostname":"bogon","pid":12791,"level":20,"msg":"Added: \u001b[35mthemes/next/source/vendors/velocity/velocity.min.js\u001b[39m","time":"2015-09-02T06:55:57.829Z","v":0}
{"name":"hexo","hostname":"bogon","pid":12791,"level":20,"msg":"Added: \u001b[35mthemes/next/source/vendors/velocity/velocity.ui.min.js\u001b[39m","time":"2015-09-02T06:55:57.829Z","v":0}
{"name":"hexo","hostname":"bogon","pid":12791,"level":20,"msg":"Added: \u001b[35mthemes/next/test/helpers.js\u001b[39m","time":"2015-09-02T06:55:57.829Z","v":0}
{"name":"hexo","hostname":"bogon","pid":12791,"level":20,"msg":"Added: \u001b[35mthemes/next/test/intern.js\u001b[39m","time":"2015-09-02T06:55:57.830Z","v":0}
{"name":"hexo","hostname":"bogon","pid":12791,"level":20,"msg":"Processed: \u001b[35m_posts/涨姿势！为什么有的颜色看起来非常高档？.md\u001b[39m","time":"2015-09-02T06:55:57.832Z","v":0}
{"name":"hexo","hostname":"bogon","pid":12791,"level":20,"msg":"Added: \u001b[35mthemes/next/source/vendors/jquery/index.js\u001b[39m","time":"2015-09-02T06:55:57.833Z","v":0}
{"name":"hexo","hostname":"bogon","pid":12791,"level":20,"msg":"Added: \u001b[35mthemes/next/source/vendors/velocity/velocity.js\u001b[39m","time":"2015-09-02T06:55:57.833Z","v":0}
{"name":"hexo","hostname":"bogon","pid":12791,"level":20,"msg":"Processed: \u001b[35msource/vendors/velocity/velocity.ui.min.js\u001b[39m","time":"2015-09-02T06:55:57.834Z","v":0}
{"name":"hexo","hostname":"bogon","pid":12791,"level":20,"msg":"Processed: \u001b[35msource/vendors/velocity/velocity.ui.js\u001b[39m","time":"2015-09-02T06:55:57.834Z","v":0}
{"name":"hexo","hostname":"bogon","pid":12791,"level":20,"msg":"Processed: \u001b[35msource/vendors/velocity/velocity.min.js\u001b[39m","time":"2015-09-02T06:55:57.835Z","v":0}
{"name":"hexo","hostname":"bogon","pid":12791,"level":20,"msg":"Processed: \u001b[35msource/vendors/velocity/velocity.js\u001b[39m","time":"2015-09-02T06:55:57.835Z","v":0}
{"name":"hexo","hostname":"bogon","pid":12791,"level":20,"msg":"Processed: \u001b[35msource/vendors/velocity/bower.json\u001b[39m","time":"2015-09-02T06:55:57.835Z","v":0}
{"name":"hexo","hostname":"bogon","pid":12791,"level":20,"msg":"Processed: \u001b[35msource/vendors/jquery/index.js\u001b[39m","time":"2015-09-02T06:55:57.835Z","v":0}
{"name":"hexo","hostname":"bogon","pid":12791,"level":20,"msg":"Processed: \u001b[35msource/vendors/fastclick/lib/fastclick.min.js\u001b[39m","time":"2015-09-02T06:55:57.835Z","v":0}
{"name":"hexo","hostname":"bogon","pid":12791,"level":20,"msg":"Processed: \u001b[35msource/vendors/fastclick/lib/fastclick.js\u001b[39m","time":"2015-09-02T06:55:57.836Z","v":0}
{"name":"hexo","hostname":"bogon","pid":12791,"level":20,"msg":"Processed: \u001b[35msource/vendors/fastclick/bower.json\u001b[39m","time":"2015-09-02T06:55:57.836Z","v":0}
{"name":"hexo","hostname":"bogon","pid":12791,"level":20,"msg":"Processed: \u001b[35msource/vendors/fastclick/README.md\u001b[39m","time":"2015-09-02T06:55:57.836Z","v":0}
{"name":"hexo","hostname":"bogon","pid":12791,"level":20,"msg":"Processed: \u001b[35msource/vendors/fastclick/LICENSE\u001b[39m","time":"2015-09-02T06:55:57.836Z","v":0}
{"name":"hexo","hostname":"bogon","pid":12791,"level":20,"msg":"Processed: \u001b[35msource/vendors/fancybox/source/jquery.fancybox.pack.js\u001b[39m","time":"2015-09-02T06:55:57.837Z","v":0}
{"name":"hexo","hostname":"bogon","pid":12791,"level":20,"msg":"Processed: \u001b[35msource/vendors/fancybox/source/jquery.fancybox.js\u001b[39m","time":"2015-09-02T06:55:57.837Z","v":0}
{"name":"hexo","hostname":"bogon","pid":12791,"level":20,"msg":"Processed: \u001b[35msource/vendors/fancybox/source/jquery.fancybox.css\u001b[39m","time":"2015-09-02T06:55:57.837Z","v":0}
{"name":"hexo","hostname":"bogon","pid":12791,"level":20,"msg":"Processed: \u001b[35msource/vendors/fancybox/source/helpers/jquery.fancybox-thumbs.js\u001b[39m","time":"2015-09-02T06:55:57.837Z","v":0}
{"name":"hexo","hostname":"bogon","pid":12791,"level":20,"msg":"Processed: \u001b[35msource/vendors/fancybox/source/helpers/jquery.fancybox-thumbs.css\u001b[39m","time":"2015-09-02T06:55:57.837Z","v":0}
{"name":"hexo","hostname":"bogon","pid":12791,"level":20,"msg":"Processed: \u001b[35msource/vendors/fancybox/source/helpers/jquery.fancybox-media.js\u001b[39m","time":"2015-09-02T06:55:57.838Z","v":0}
{"name":"hexo","hostname":"bogon","pid":12791,"level":20,"msg":"Processed: \u001b[35msource/vendors/fancybox/source/helpers/jquery.fancybox-buttons.js\u001b[39m","time":"2015-09-02T06:55:57.838Z","v":0}
{"name":"hexo","hostname":"bogon","pid":12791,"level":20,"msg":"Processed: \u001b[35msource/vendors/fancybox/source/helpers/jquery.fancybox-buttons.css\u001b[39m","time":"2015-09-02T06:55:57.838Z","v":0}
{"name":"hexo","hostname":"bogon","pid":12791,"level":20,"msg":"Processed: \u001b[35msource/vendors/fancybox/source/helpers/fancybox_buttons.png\u001b[39m","time":"2015-09-02T06:55:57.838Z","v":0}
{"name":"hexo","hostname":"bogon","pid":12791,"level":20,"msg":"Processed: \u001b[35msource/vendors/fancybox/source/fancybox_sprite@2x.png\u001b[39m","time":"2015-09-02T06:55:57.839Z","v":0}
{"name":"hexo","hostname":"bogon","pid":12791,"level":20,"msg":"Processed: \u001b[35msource/vendors/fancybox/source/fancybox_sprite.png\u001b[39m","time":"2015-09-02T06:55:57.839Z","v":0}
{"name":"hexo","hostname":"bogon","pid":12791,"level":20,"msg":"Processed: \u001b[35msource/vendors/fancybox/source/fancybox_overlay.png\u001b[39m","time":"2015-09-02T06:55:57.839Z","v":0}
{"name":"hexo","hostname":"bogon","pid":12791,"level":20,"msg":"Processed: \u001b[35msource/vendors/fancybox/source/fancybox_loading@2x.gif\u001b[39m","time":"2015-09-02T06:55:57.839Z","v":0}
{"name":"hexo","hostname":"bogon","pid":12791,"level":20,"msg":"Processed: \u001b[35msource/vendors/fancybox/source/fancybox_loading.gif\u001b[39m","time":"2015-09-02T06:55:57.839Z","v":0}
{"name":"hexo","hostname":"bogon","pid":12791,"level":20,"msg":"Processed: \u001b[35msource/vendors/fancybox/source/blank.gif\u001b[39m","time":"2015-09-02T06:55:57.840Z","v":0}
{"name":"hexo","hostname":"bogon","pid":12791,"level":20,"msg":"Processed: \u001b[35msource/js/ua-parser.min.js\u001b[39m","time":"2015-09-02T06:55:57.840Z","v":0}
{"name":"hexo","hostname":"bogon","pid":12791,"level":20,"msg":"Processed: \u001b[35msource/js/nav-toggle.js\u001b[39m","time":"2015-09-02T06:55:57.840Z","v":0}
{"name":"hexo","hostname":"bogon","pid":12791,"level":20,"msg":"Processed: \u001b[35msource/js/motion_global.js\u001b[39m","time":"2015-09-02T06:55:57.841Z","v":0}
{"name":"hexo","hostname":"bogon","pid":12791,"level":20,"msg":"Processed: \u001b[35msource/js/motion_fallback.js\u001b[39m","time":"2015-09-02T06:55:57.841Z","v":0}
{"name":"hexo","hostname":"bogon","pid":12791,"level":20,"msg":"Processed: \u001b[35msource/js/lazyload.js\u001b[39m","time":"2015-09-02T06:55:57.841Z","v":0}
{"name":"hexo","hostname":"bogon","pid":12791,"level":20,"msg":"Processed: \u001b[35msource/js/hook-duoshuo.js\u001b[39m","time":"2015-09-02T06:55:57.841Z","v":0}
{"name":"hexo","hostname":"bogon","pid":12791,"level":20,"msg":"Processed: \u001b[35msource/js/helpers.js\u001b[39m","time":"2015-09-02T06:55:57.841Z","v":0}
{"name":"hexo","hostname":"bogon","pid":12791,"level":20,"msg":"Processed: \u001b[35msource/js/fancy-box.js\u001b[39m","time":"2015-09-02T06:55:57.842Z","v":0}
{"name":"hexo","hostname":"bogon","pid":12791,"level":20,"msg":"Processed: \u001b[35msource/js/bootstrap.scrollspy.js\u001b[39m","time":"2015-09-02T06:55:57.842Z","v":0}
{"name":"hexo","hostname":"bogon","pid":12791,"level":20,"msg":"Processed: \u001b[35msource/images/searchicon.png\u001b[39m","time":"2015-09-02T06:55:57.842Z","v":0}
{"name":"hexo","hostname":"bogon","pid":12791,"level":20,"msg":"Processed: \u001b[35msource/images/placeholder.gif\u001b[39m","time":"2015-09-02T06:55:57.842Z","v":0}
{"name":"hexo","hostname":"bogon","pid":12791,"level":20,"msg":"Processed: \u001b[35msource/images/loading.gif\u001b[39m","time":"2015-09-02T06:55:57.842Z","v":0}
{"name":"hexo","hostname":"bogon","pid":12791,"level":20,"msg":"Processed: \u001b[35msource/images/cc-zero.svg\u001b[39m","time":"2015-09-02T06:55:57.843Z","v":0}
{"name":"hexo","hostname":"bogon","pid":12791,"level":20,"msg":"Processed: \u001b[35msource/images/cc-by.svg\u001b[39m","time":"2015-09-02T06:55:57.843Z","v":0}
{"name":"hexo","hostname":"bogon","pid":12791,"level":20,"msg":"Processed: \u001b[35msource/images/cc-by-sa.svg\u001b[39m","time":"2015-09-02T06:55:57.843Z","v":0}
{"name":"hexo","hostname":"bogon","pid":12791,"level":20,"msg":"Processed: \u001b[35msource/images/cc-by-nd.svg\u001b[39m","time":"2015-09-02T06:55:57.843Z","v":0}
{"name":"hexo","hostname":"bogon","pid":12791,"level":20,"msg":"Processed: \u001b[35msource/images/cc-by-nc.svg\u001b[39m","time":"2015-09-02T06:55:57.844Z","v":0}
{"name":"hexo","hostname":"bogon","pid":12791,"level":20,"msg":"Processed: \u001b[35msource/images/cc-by-nc-sa.svg\u001b[39m","time":"2015-09-02T06:55:57.844Z","v":0}
{"name":"hexo","hostname":"bogon","pid":12791,"level":20,"msg":"Processed: \u001b[35msource/images/cc-by-nc-nd.svg\u001b[39m","time":"2015-09-02T06:55:57.844Z","v":0}
{"name":"hexo","hostname":"bogon","pid":12791,"level":20,"msg":"Processed: \u001b[35msource/images/bkdefault_avatar.jpg\u001b[39m","time":"2015-09-02T06:55:57.844Z","v":0}
{"name":"hexo","hostname":"bogon","pid":12791,"level":20,"msg":"Processed: \u001b[35msource/fonts/icon-linecons/selection.json\u001b[39m","time":"2015-09-02T06:55:57.844Z","v":0}
{"name":"hexo","hostname":"bogon","pid":12791,"level":20,"msg":"Processed: \u001b[35msource/fonts/icon-linecons/icomoon.woff\u001b[39m","time":"2015-09-02T06:55:57.845Z","v":0}
{"name":"hexo","hostname":"bogon","pid":12791,"level":20,"msg":"Processed: \u001b[35msource/fonts/icon-linecons/icomoon.ttf\u001b[39m","time":"2015-09-02T06:55:57.845Z","v":0}
{"name":"hexo","hostname":"bogon","pid":12791,"level":20,"msg":"Processed: \u001b[35msource/fonts/icon-linecons/icomoon.svg\u001b[39m","time":"2015-09-02T06:55:57.845Z","v":0}
{"name":"hexo","hostname":"bogon","pid":12791,"level":20,"msg":"Processed: \u001b[35msource/fonts/icon-linecons/icomoon.eot\u001b[39m","time":"2015-09-02T06:55:57.845Z","v":0}
{"name":"hexo","hostname":"bogon","pid":12791,"level":20,"msg":"Processed: \u001b[35msource/fonts/icon-icomoon/icomoon.woff\u001b[39m","time":"2015-09-02T06:55:57.845Z","v":0}
{"name":"hexo","hostname":"bogon","pid":12791,"level":20,"msg":"Processed: \u001b[35msource/fonts/icon-icomoon/icomoon.ttf\u001b[39m","time":"2015-09-02T06:55:57.845Z","v":0}
{"name":"hexo","hostname":"bogon","pid":12791,"level":20,"msg":"Processed: \u001b[35msource/fonts/icon-icomoon/icomoon.svg\u001b[39m","time":"2015-09-02T06:55:57.846Z","v":0}
{"name":"hexo","hostname":"bogon","pid":12791,"level":20,"msg":"Processed: \u001b[35msource/fonts/icon-icomoon/icomoon.eot\u001b[39m","time":"2015-09-02T06:55:57.846Z","v":0}
{"name":"hexo","hostname":"bogon","pid":12791,"level":20,"msg":"Processed: \u001b[35msource/fonts/icon-fifty-shades/selection.json\u001b[39m","time":"2015-09-02T06:55:57.846Z","v":0}
{"name":"hexo","hostname":"bogon","pid":12791,"level":20,"msg":"Processed: \u001b[35msource/fonts/icon-fifty-shades/icomoon.woff\u001b[39m","time":"2015-09-02T06:55:57.846Z","v":0}
{"name":"hexo","hostname":"bogon","pid":12791,"level":20,"msg":"Processed: \u001b[35msource/fonts/icon-fifty-shades/icomoon.ttf\u001b[39m","time":"2015-09-02T06:55:57.846Z","v":0}
{"name":"hexo","hostname":"bogon","pid":12791,"level":20,"msg":"Processed: \u001b[35msource/fonts/icon-fifty-shades/icomoon.svg\u001b[39m","time":"2015-09-02T06:55:57.847Z","v":0}
{"name":"hexo","hostname":"bogon","pid":12791,"level":20,"msg":"Processed: \u001b[35msource/fonts/icon-fifty-shades/icomoon.eot\u001b[39m","time":"2015-09-02T06:55:57.847Z","v":0}
{"name":"hexo","hostname":"bogon","pid":12791,"level":20,"msg":"Processed: \u001b[35msource/fonts/icon-feather/selection.json\u001b[39m","time":"2015-09-02T06:55:57.847Z","v":0}
{"name":"hexo","hostname":"bogon","pid":12791,"level":20,"msg":"Processed: \u001b[35msource/fonts/icon-feather/icomoon.woff\u001b[39m","time":"2015-09-02T06:55:57.847Z","v":0}
{"name":"hexo","hostname":"bogon","pid":12791,"level":20,"msg":"Processed: \u001b[35msource/fonts/icon-feather/icomoon.ttf\u001b[39m","time":"2015-09-02T06:55:57.847Z","v":0}
{"name":"hexo","hostname":"bogon","pid":12791,"level":20,"msg":"Processed: \u001b[35msource/fonts/icon-feather/icomoon.svg\u001b[39m","time":"2015-09-02T06:55:57.848Z","v":0}
{"name":"hexo","hostname":"bogon","pid":12791,"level":20,"msg":"Processed: \u001b[35msource/fonts/icon-feather/icomoon.eot\u001b[39m","time":"2015-09-02T06:55:57.848Z","v":0}
{"name":"hexo","hostname":"bogon","pid":12791,"level":20,"msg":"Processed: \u001b[35msource/fonts/icon-default/selection.json\u001b[39m","time":"2015-09-02T06:55:57.848Z","v":0}
{"name":"hexo","hostname":"bogon","pid":12791,"level":20,"msg":"Processed: \u001b[35msource/fonts/icon-default/icomoon.woff\u001b[39m","time":"2015-09-02T06:55:57.848Z","v":0}
{"name":"hexo","hostname":"bogon","pid":12791,"level":20,"msg":"Processed: \u001b[35msource/fonts/icon-default/icomoon.ttf\u001b[39m","time":"2015-09-02T06:55:57.849Z","v":0}
{"name":"hexo","hostname":"bogon","pid":12791,"level":20,"msg":"Processed: \u001b[35msource/fonts/icon-default/icomoon.svg\u001b[39m","time":"2015-09-02T06:55:57.849Z","v":0}
{"name":"hexo","hostname":"bogon","pid":12791,"level":20,"msg":"Processed: \u001b[35msource/fonts/icon-default/icomoon.eot\u001b[39m","time":"2015-09-02T06:55:57.849Z","v":0}
{"name":"hexo","hostname":"bogon","pid":12791,"level":20,"msg":"Processed: \u001b[35msource/css/main.styl\u001b[39m","time":"2015-09-02T06:55:57.850Z","v":0}
{"name":"hexo","hostname":"bogon","pid":12791,"level":20,"msg":"Processed: \u001b[35m_posts/客户体验的三个层面.md\u001b[39m","time":"2015-09-02T06:55:57.853Z","v":0}
{"name":"hexo","hostname":"bogon","pid":12791,"level":20,"msg":"Processed: \u001b[35mlayout/tag.swig\u001b[39m","time":"2015-09-02T06:55:57.854Z","v":0}
{"name":"hexo","hostname":"bogon","pid":12791,"level":20,"msg":"Processed: \u001b[35m_posts/如何设计你的2015年度计划.md\u001b[39m","time":"2015-09-02T06:55:57.856Z","v":0}
{"name":"hexo","hostname":"bogon","pid":12791,"level":20,"msg":"Processed: \u001b[35mlayout/post.swig\u001b[39m","time":"2015-09-02T06:55:57.857Z","v":0}
{"name":"hexo","hostname":"bogon","pid":12791,"level":20,"msg":"Processed: \u001b[35m_posts/如何让顾客的体验从不完美到完美.md\u001b[39m","time":"2015-09-02T06:55:57.858Z","v":0}
{"name":"hexo","hostname":"bogon","pid":12791,"level":20,"msg":"Processed: \u001b[35mlayout/page.swig\u001b[39m","time":"2015-09-02T06:55:57.858Z","v":0}
{"name":"hexo","hostname":"bogon","pid":12791,"level":20,"msg":"Processed: \u001b[35m_posts/几个好用的css动画库.md\u001b[39m","time":"2015-09-02T06:55:57.860Z","v":0}
{"name":"hexo","hostname":"bogon","pid":12791,"level":20,"msg":"Processed: \u001b[35mlayout/index.swig\u001b[39m","time":"2015-09-02T06:55:57.861Z","v":0}
{"name":"hexo","hostname":"bogon","pid":12791,"level":20,"msg":"Processed: \u001b[35m_posts/使用chmod如何给文件夹递归授予权限.md\u001b[39m","time":"2015-09-02T06:55:57.863Z","v":0}
{"name":"hexo","hostname":"bogon","pid":12791,"level":20,"msg":"Processed: \u001b[35mlayout/category.swig\u001b[39m","time":"2015-09-02T06:55:57.864Z","v":0}
{"name":"hexo","hostname":"bogon","pid":12791,"level":20,"msg":"Processed: \u001b[35m_posts/thinkphp-路由分页搜索.md\u001b[39m","time":"2015-09-02T06:55:57.866Z","v":0}
{"name":"hexo","hostname":"bogon","pid":12791,"level":20,"msg":"Processed: \u001b[35mlayout/archive.swig\u001b[39m","time":"2015-09-02T06:55:57.867Z","v":0}
{"name":"hexo","hostname":"bogon","pid":12791,"level":20,"msg":"Processed: \u001b[35m_posts/thinkphp-获取搜索引擎蜘蛛.md\u001b[39m","time":"2015-09-02T06:55:57.868Z","v":0}
{"name":"hexo","hostname":"bogon","pid":12791,"level":20,"msg":"Processed: \u001b[35mlayout/_scripts/pages/post-details.swig\u001b[39m","time":"2015-09-02T06:55:57.871Z","v":0}
{"name":"hexo","hostname":"bogon","pid":12791,"level":20,"msg":"Processed: \u001b[35m_posts/thinkphp-后台动态设置路由.md\u001b[39m","time":"2015-09-02T06:55:57.873Z","v":0}
{"name":"hexo","hostname":"bogon","pid":12791,"level":20,"msg":"Processed: \u001b[35mlayout/_scripts/motion.swig\u001b[39m","time":"2015-09-02T06:55:57.873Z","v":0}
{"name":"hexo","hostname":"bogon","pid":12791,"level":20,"msg":"Processed: \u001b[35m_posts/thinkphp-ip-黑名单-白名单.md\u001b[39m","time":"2015-09-02T06:55:57.875Z","v":0}
{"name":"hexo","hostname":"bogon","pid":12791,"level":20,"msg":"Processed: \u001b[35mlayout/_scripts/mathjax.swig\u001b[39m","time":"2015-09-02T06:55:57.875Z","v":0}
{"name":"hexo","hostname":"bogon","pid":12791,"level":20,"msg":"Processed: \u001b[35m_posts/rails开发CMS遇到的问题.md\u001b[39m","time":"2015-09-02T06:55:57.876Z","v":0}
{"name":"hexo","hostname":"bogon","pid":12791,"level":20,"msg":"Processed: \u001b[35mlayout/_scripts/helpers.swig\u001b[39m","time":"2015-09-02T06:55:57.877Z","v":0}
{"name":"hexo","hostname":"bogon","pid":12791,"level":20,"msg":"Processed: \u001b[35m_posts/rails-第四天.md\u001b[39m","time":"2015-09-02T06:55:57.879Z","v":0}
{"name":"hexo","hostname":"bogon","pid":12791,"level":20,"msg":"Processed: \u001b[35m_posts/rails-第二天.md\u001b[39m","time":"2015-09-02T06:55:57.882Z","v":0}
{"name":"hexo","hostname":"bogon","pid":12791,"level":20,"msg":"Processed: \u001b[35mlayout/_scripts/fancy-box.swig\u001b[39m","time":"2015-09-02T06:55:57.882Z","v":0}
{"name":"hexo","hostname":"bogon","pid":12791,"level":20,"msg":"Processed: \u001b[35m_posts/rails-第三天.md\u001b[39m","time":"2015-09-02T06:55:57.883Z","v":0}
{"name":"hexo","hostname":"bogon","pid":12791,"level":20,"msg":"Processed: \u001b[35mlayout/_scripts/comments/duoshuo.swig\u001b[39m","time":"2015-09-02T06:55:57.884Z","v":0}
{"name":"hexo","hostname":"bogon","pid":12791,"level":20,"msg":"Processed: \u001b[35m_posts/rails-第一天.md\u001b[39m","time":"2015-09-02T06:55:57.886Z","v":0}
{"name":"hexo","hostname":"bogon","pid":12791,"level":20,"msg":"Processed: \u001b[35mlayout/_scripts/comments/disqus.swig\u001b[39m","time":"2015-09-02T06:55:57.886Z","v":0}
{"name":"hexo","hostname":"bogon","pid":12791,"level":20,"msg":"Processed: \u001b[35m_posts/rails-多语言支持.md\u001b[39m","time":"2015-09-02T06:55:57.887Z","v":0}
{"name":"hexo","hostname":"bogon","pid":12791,"level":20,"msg":"Processed: \u001b[35mlayout/_scripts/bootstrap.scrollspy.swig\u001b[39m","time":"2015-09-02T06:55:57.888Z","v":0}
{"name":"hexo","hostname":"bogon","pid":12791,"level":20,"msg":"Processed: \u001b[35mlayout/_scripts/baidushare.swig\u001b[39m","time":"2015-09-02T06:55:57.888Z","v":0}
{"name":"hexo","hostname":"bogon","pid":12791,"level":20,"msg":"Processed: \u001b[35m_posts/kaminari简要文档.md\u001b[39m","time":"2015-09-02T06:55:57.889Z","v":0}
{"name":"hexo","hostname":"bogon","pid":12791,"level":20,"msg":"Processed: \u001b[35mlayout/_scripts/analytics.swig\u001b[39m","time":"2015-09-02T06:55:57.890Z","v":0}
{"name":"hexo","hostname":"bogon","pid":12791,"level":20,"msg":"Processed: \u001b[35m_posts/Tracking-Devise-User-Logins-Sign-ups.md\u001b[39m","time":"2015-09-02T06:55:57.891Z","v":0}
{"name":"hexo","hostname":"bogon","pid":12791,"level":20,"msg":"Processed: \u001b[35mlayout/_scripts/analytics/google-analytics.swig\u001b[39m","time":"2015-09-02T06:55:57.892Z","v":0}
{"name":"hexo","hostname":"bogon","pid":12791,"level":20,"msg":"Processed: \u001b[35m_posts/Ruby-on-Rails-缓存技术.md\u001b[39m","time":"2015-09-02T06:55:57.893Z","v":0}
{"name":"hexo","hostname":"bogon","pid":12791,"level":20,"msg":"Processed: \u001b[35mlayout/_scripts/analytics/baidu-analytics.swig\u001b[39m","time":"2015-09-02T06:55:57.970Z","v":0}
{"name":"hexo","hostname":"bogon","pid":12791,"level":20,"msg":"Processed: \u001b[35mlayout/_partials/share/jiathis.swig\u001b[39m","time":"2015-09-02T06:55:57.972Z","v":0}
{"name":"hexo","hostname":"bogon","pid":12791,"level":20,"msg":"Processed: \u001b[35mlayout/_partials/share/duoshuo_share.swig\u001b[39m","time":"2015-09-02T06:55:57.973Z","v":0}
{"name":"hexo","hostname":"bogon","pid":12791,"level":20,"msg":"Processed: \u001b[35mlayout/_partials/search.swig\u001b[39m","time":"2015-09-02T06:55:57.973Z","v":0}
{"name":"hexo","hostname":"bogon","pid":12791,"level":20,"msg":"Processed: \u001b[35mlayout/_partials/search/tinysou.swig\u001b[39m","time":"2015-09-02T06:55:57.974Z","v":0}
{"name":"hexo","hostname":"bogon","pid":12791,"level":20,"msg":"Processed: \u001b[35mlayout/_partials/search/swiftype.swig\u001b[39m","time":"2015-09-02T06:55:57.975Z","v":0}
{"name":"hexo","hostname":"bogon","pid":12791,"level":20,"msg":"Processed: \u001b[35mlayout/_partials/pagination.swig\u001b[39m","time":"2015-09-02T06:55:57.977Z","v":0}
{"name":"hexo","hostname":"bogon","pid":12791,"level":20,"msg":"Processed: \u001b[35mlayout/_partials/old-browsers.swig\u001b[39m","time":"2015-09-02T06:55:57.977Z","v":0}
{"name":"hexo","hostname":"bogon","pid":12791,"level":20,"msg":"Processed: \u001b[35mlayout/_partials/header.swig\u001b[39m","time":"2015-09-02T06:55:57.978Z","v":0}
{"name":"hexo","hostname":"bogon","pid":12791,"level":20,"msg":"Processed: \u001b[35mlayout/_partials/head.swig\u001b[39m","time":"2015-09-02T06:55:57.978Z","v":0}
{"name":"hexo","hostname":"bogon","pid":12791,"level":20,"msg":"Processed: \u001b[35mlayout/_partials/footer.swig\u001b[39m","time":"2015-09-02T06:55:57.978Z","v":0}
{"name":"hexo","hostname":"bogon","pid":12791,"level":20,"msg":"Processed: \u001b[35mlayout/_macro/sidebar.swig\u001b[39m","time":"2015-09-02T06:55:57.979Z","v":0}
{"name":"hexo","hostname":"bogon","pid":12791,"level":20,"msg":"Processed: \u001b[35mlayout/_macro/post.swig\u001b[39m","time":"2015-09-02T06:55:57.979Z","v":0}
{"name":"hexo","hostname":"bogon","pid":12791,"level":20,"msg":"Processed: \u001b[35mlayout/_macro/post-collapse.swig\u001b[39m","time":"2015-09-02T06:55:57.979Z","v":0}
{"name":"hexo","hostname":"bogon","pid":12791,"level":20,"msg":"Processed: \u001b[35mlayout/_layout.swig\u001b[39m","time":"2015-09-02T06:55:57.980Z","v":0}
{"name":"hexo","hostname":"bogon","pid":12791,"level":20,"msg":"Processed: \u001b[35mlanguages/zh-tw.yml\u001b[39m","time":"2015-09-02T06:55:57.983Z","v":0}
{"name":"hexo","hostname":"bogon","pid":12791,"level":20,"msg":"Processed: \u001b[35mlanguages/zh-hk.yml\u001b[39m","time":"2015-09-02T06:55:57.985Z","v":0}
{"name":"hexo","hostname":"bogon","pid":12791,"level":20,"msg":"Processed: \u001b[35mlanguages/zh-Hans.yml\u001b[39m","time":"2015-09-02T06:55:57.987Z","v":0}
{"name":"hexo","hostname":"bogon","pid":12791,"level":20,"msg":"Processed: \u001b[35mlanguages/ru.yml\u001b[39m","time":"2015-09-02T06:55:57.988Z","v":0}
{"name":"hexo","hostname":"bogon","pid":12791,"level":20,"msg":"Processed: \u001b[35mlanguages/fr-FR.yml\u001b[39m","time":"2015-09-02T06:55:57.989Z","v":0}
{"name":"hexo","hostname":"bogon","pid":12791,"level":20,"msg":"Processed: \u001b[35mlanguages/en.yml\u001b[39m","time":"2015-09-02T06:55:57.989Z","v":0}
{"name":"hexo","hostname":"bogon","pid":12791,"level":20,"msg":"Processed: \u001b[35mlanguages/default.yml\u001b[39m","time":"2015-09-02T06:55:57.990Z","v":0}
{"name":"hexo","hostname":"bogon","pid":12791,"level":20,"msg":"Processed: \u001b[35mlanguages/de.yml\u001b[39m","time":"2015-09-02T06:55:57.990Z","v":0}
{"name":"hexo","hostname":"bogon","pid":12791,"level":20,"msg":"Theme config loaded.","time":"2015-09-02T06:55:57.991Z","v":0}
{"name":"hexo","hostname":"bogon","pid":12791,"level":20,"msg":"Processed: \u001b[35m_config.yml\u001b[39m","time":"2015-09-02T06:55:57.992Z","v":0}
{"name":"hexo","hostname":"bogon","pid":12791,"level":20,"msg":"Generator: \u001b[35mpage\u001b[39m","time":"2015-09-02T06:55:58.982Z","v":0}
{"name":"hexo","hostname":"bogon","pid":12791,"level":20,"msg":"Generator: \u001b[35mpost\u001b[39m","time":"2015-09-02T06:55:58.982Z","v":0}
{"name":"hexo","hostname":"bogon","pid":12791,"level":20,"msg":"Generator: \u001b[35mindex\u001b[39m","time":"2015-09-02T06:55:58.982Z","v":0}
{"name":"hexo","hostname":"bogon","pid":12791,"level":20,"msg":"Generator: \u001b[35mtag\u001b[39m","time":"2015-09-02T06:55:58.982Z","v":0}
{"name":"hexo","hostname":"bogon","pid":12791,"level":20,"msg":"Generator: \u001b[35mcategory\u001b[39m","time":"2015-09-02T06:55:58.982Z","v":0}
{"name":"hexo","hostname":"bogon","pid":12791,"level":20,"msg":"Generator: \u001b[35marchive\u001b[39m","time":"2015-09-02T06:55:58.982Z","v":0}
{"name":"hexo","hostname":"bogon","pid":12791,"level":20,"msg":"Generator: \u001b[35masset\u001b[39m","time":"2015-09-02T06:55:58.983Z","v":0}
{"name":"hexo","hostname":"bogon","pid":12791,"level":30,"msg":"Hexo is running at \u001b[4mhttp://0.0.0.0:4000/\u001b[24m. Press Ctrl+C to stop.","time":"2015-09-02T06:55:59.079Z","v":0}
{"name":"hexo","hostname":"bogon","pid":12791,"level":20,"msg":"Database saved","time":"2015-09-02T06:55:59.098Z","v":0}
{"name":"hexo","hostname":"bogon","pid":12791,"level":20,"msg":"Rendering index: \u001b[35mindex.html\u001b[39m","time":"2015-09-02T06:56:08.534Z","v":0}
{"name":"hexo","hostname":"bogon","pid":12791,"level":20,"msg":"Rendering index: \u001b[35mindex.html\u001b[39m","time":"2015-09-02T06:56:20.113Z","v":0}
{"name":"hexo","hostname":"bogon","pid":12791,"level":30,"msg":"Bye!","time":"2015-09-02T06:56:47.831Z","v":0}
{"name":"hexo","hostname":"bogon","pid":12791,"level":20,"msg":"Database saved","time":"2015-09-02T06:56:47.838Z","v":0}
